Determining if the pthread_create exist failed with the following output:
Change Dir: /home/crepuscule/Desktop/SGX_Mage/linux-sgx/psw/ae/aesm_service/source/build/CMakeFiles/CMakeTmp

Run Build Command:"/usr/bin/make" "cmTC_29ce7/fast"
make[2]: Entering directory '/home/crepuscule/Desktop/SGX_Mage/linux-sgx/psw/ae/aesm_service/source/build/CMakeFiles/CMakeTmp'
/usr/bin/make -f CMakeFiles/cmTC_29ce7.dir/build.make CMakeFiles/cmTC_29ce7.dir/build
make[3]: Entering directory '/home/crepuscule/Desktop/SGX_Mage/linux-sgx/psw/ae/aesm_service/source/build/CMakeFiles/CMakeTmp'
Building C object CMakeFiles/cmTC_29ce7.dir/CheckSymbolExists.c.o
/usr/bin/cc    -o CMakeFiles/cmTC_29ce7.dir/CheckSymbolExists.c.o   -c /home/crepuscule/Desktop/SGX_Mage/linux-sgx/psw/ae/aesm_service/source/build/CMakeFiles/CMakeTmp/CheckSymbolExists.c
Linking C executable cmTC_29ce7
/usr/bin/cmake -E cmake_link_script CMakeFiles/cmTC_29ce7.dir/link.txt --verbose=1
/usr/bin/cc      -rdynamic CMakeFiles/cmTC_29ce7.dir/CheckSymbolExists.c.o  -o cmTC_29ce7 
/usr/local/bin/ld: CMakeFiles/cmTC_29ce7.dir/CheckSymbolExists.c.o: in function `main':
CheckSymbolExists.c:(.text+0x1b): undefined reference to `pthread_create'
collect2: error: ld returned 1 exit status
CMakeFiles/cmTC_29ce7.dir/build.make:97: recipe for target 'cmTC_29ce7' failed
make[3]: *** [cmTC_29ce7] Error 1
make[3]: Leaving directory '/home/crepuscule/Desktop/SGX_Mage/linux-sgx/psw/ae/aesm_service/source/build/CMakeFiles/CMakeTmp'
Makefile:126: recipe for target 'cmTC_29ce7/fast' failed
make[2]: *** [cmTC_29ce7/fast] Error 2
make[2]: Leaving directory '/home/crepuscule/Desktop/SGX_Mage/linux-sgx/psw/ae/aesm_service/source/build/CMakeFiles/CMakeTmp'

File /home/crepuscule/Desktop/SGX_Mage/linux-sgx/psw/ae/aesm_service/source/build/CMakeFiles/CMakeTmp/CheckSymbolExists.c:
/* */
#include <pthread.h>

int main(int argc, char** argv)
{
  (void)argv;
#ifndef pthread_create
  return ((int*)(&pthread_create))[argc];
#else
  (void)argc;
  return 0;
#endif
}

Determining if the function pthread_create exists in the pthreads failed with the following output:
Change Dir: /home/crepuscule/Desktop/SGX_Mage/linux-sgx/psw/ae/aesm_service/source/build/CMakeFiles/CMakeTmp

Run Build Command:"/usr/bin/make" "cmTC_efa18/fast"
make[2]: Entering directory '/home/crepuscule/Desktop/SGX_Mage/linux-sgx/psw/ae/aesm_service/source/build/CMakeFiles/CMakeTmp'
/usr/bin/make -f CMakeFiles/cmTC_efa18.dir/build.make CMakeFiles/cmTC_efa18.dir/build
make[3]: Entering directory '/home/crepuscule/Desktop/SGX_Mage/linux-sgx/psw/ae/aesm_service/source/build/CMakeFiles/CMakeTmp'
Building C object CMakeFiles/cmTC_efa18.dir/CheckFunctionExists.c.o
/usr/bin/cc   -DCHECK_FUNCTION_EXISTS=pthread_create   -o CMakeFiles/cmTC_efa18.dir/CheckFunctionExists.c.o   -c /usr/share/cmake-3.10/Modules/CheckFunctionExists.c
Linking C executable cmTC_efa18
/usr/bin/cmake -E cmake_link_script CMakeFiles/cmTC_efa18.dir/link.txt --verbose=1
/usr/bin/cc  -DCHECK_FUNCTION_EXISTS=pthread_create    -rdynamic CMakeFiles/cmTC_efa18.dir/CheckFunctionExists.c.o  -o cmTC_efa18 -lpthreads 
/usr/local/bin/ld: cannot find -lpthreads
collect2: error: ld returned 1 exit status
CMakeFiles/cmTC_efa18.dir/build.make:97: recipe for target 'cmTC_efa18' failed
make[3]: *** [cmTC_efa18] Error 1
make[3]: Leaving directory '/home/crepuscule/Desktop/SGX_Mage/linux-sgx/psw/ae/aesm_service/source/build/CMakeFiles/CMakeTmp'
Makefile:126: recipe for target 'cmTC_efa18/fast' failed
make[2]: *** [cmTC_efa18/fast] Error 2
make[2]: Leaving directory '/home/crepuscule/Desktop/SGX_Mage/linux-sgx/psw/ae/aesm_service/source/build/CMakeFiles/CMakeTmp'


